2024-01-31 23:34:27|Anonymous|URL=/about
2024-01-31 23:34:28|Anonymous|URL=/
2024-01-31 23:34:29|Anonymous|URL=/history/
2024-01-31 23:38:44|Anonymous|URL=/
2024-01-31 23:38:45|Anonymous|URL=/accounts/login/
2024-01-31 23:38:48|dududidi|URL=/accounts/login/
2024-01-31 23:38:48|dududidi|URL=/
2024-01-31 23:58:22|dududidi|URL=/
2024-01-31 23:58:25|dududidi|URL=/
2024-01-31 23:58:27|dududidi|URL=/create
2024-01-31 23:58:27|dududidi|URL=/history/
2024-01-31 23:58:28|dududidi|URL=/
2024-01-31 23:58:42|dududidi|URL=/user/dududidi/notes
2024-01-31 23:58:48|dududidi|URL=/
2024-01-31 23:58:49|dududidi|URL=/create
2024-01-31 23:58:53|dududidi|URL=/create
2024-01-31 23:58:54|dududidi|URL=/post/dc3f05cb-b727-4e44-947b-cc386833e10d
2024-01-31 23:58:55|dududidi|URL=/user/dududidi/notes
2024-01-31 23:58:56|dududidi|URL=/
2024-01-31 23:59:50|dududidi|URL=/
2024-01-31 23:59:51|dududidi|URL=/user/dududidi/notes
2024-01-31 23:59:53|dududidi|URL=/accounts/logout/
2024-01-31 23:59:53|Anonymous|URL=/
2024-01-31 23:59:54|Anonymous|URL=/create
2024-01-31 23:59:55|Anonymous|URL=/
2024-01-31 23:59:55|Anonymous|URL=/history/
2024-02-01 00:04:19|Anonymous|URL=/
2024-02-01 00:04:22|Anonymous|URL=/create
2024-02-01 00:04:26|Anonymous|URL=/create
2024-02-01 00:04:26|Anonymous|URL=/post/5e0224f2-141c-4f0f-9e73-ec86e9497325
2024-02-01 00:04:31|Anonymous|URL=/
2024-02-01 00:07:48|Anonymous|URL=/accounts/register
2024-02-01 00:07:50|Anonymous|URL=/
2024-02-01 00:07:54|Anonymous|URL=/create
2024-02-01 00:07:54|Anonymous|URL=/accounts/login/?next=/create
2024-02-01 00:09:52|Anonymous|URL=/
2024-02-01 00:09:53|Anonymous|URL=/history/
2024-02-01 00:09:55|Anonymous|URL=/create
2024-02-01 00:09:55|Anonymous|URL=/accounts/login/?next=/create
2024-02-01 00:09:56|Anonymous|URL=/
2024-02-01 00:09:57|Anonymous|URL=/create
2024-02-01 00:09:57|Anonymous|URL=/accounts/login/?next=/create
2024-02-01 00:09:59|Anonymous|URL=/accounts/login/
2024-02-01 00:10:00|dududidi|URL=/
2024-02-01 00:10:02|dududidi|URL=/post/ae467fb5-d43b-4eae-a725-f5849df486ae
2024-02-01 00:10:04|dududidi|URL=/history/
2024-02-01 00:10:05|dududidi|URL=/
2024-02-01 00:10:08|dududidi|URL=/post/63057bdb-8fc7-4021-bdd6-64117bf7363d
2024-02-01 00:10:09|dududidi|URL=/
2024-02-01 00:16:55|dududidi|URL=/
2024-02-01 00:16:57|dududidi|URL=/accounts/logout/
2024-02-01 00:16:57|Anonymous|URL=/
2024-02-01 00:16:58|Anonymous|URL=/accounts/login/
2024-02-01 00:17:00|Anonymous|URL=/register/pasword-resetform
2024-02-01 00:17:13|Anonymous|URL=/password-reset/
2024-02-01 00:17:49|Anonymous|URL=/password-reset/
2024-02-01 00:17:53|Anonymous|URL=/
2024-02-01 00:18:43|Anonymous|URL=/new-passwordZHVkdWRpZGk/c1ox63-ecdb1ab90274833ee1ab2f5d23f4007f
2024-02-01 00:19:03|Anonymous|URL=/new-passwordZHVkdWRpZGk/c1ox63-ecdb1ab90274833ee1ab2f5d23f4007f
2024-02-01 00:19:16|Anonymous|URL=/new-passwordZHVkdWRpZGk/c1ozhp-3f225d7c62be24ee4a8e165032f60dd3
2024-02-01 00:19:30|Anonymous|URL=/new-passwordZHVkdWRpZGk/c1ozhp-3f225d7c62be24ee4a8e165032f60dd3
2024-02-01 00:19:31|dududidi|URL=/
2024-02-01 11:34:19|dududidi|URL=/
2024-02-01 12:16:07|dududidi|URL=/
2024-02-01 13:27:25|dududidi|URL=/
2024-02-01 13:27:25|Anonymous|URL=/apple-touch-icon-precomposed.png
2024-02-01 13:27:26|Anonymous|URL=/apple-touch-icon.png
2024-02-01 13:27:27|dududidi|URL=/accounts/logout/
2024-02-01 13:27:27|Anonymous|URL=/
2024-02-01 13:27:31|Anonymous|URL=/post/5e0224f2-141c-4f0f-9e73-ec86e9497325
2024-02-01 13:27:32|Anonymous|URL=/delete/5e0224f2-141c-4f0f-9e73-ec86e9497325
2024-02-01 13:27:35|Anonymous|URL=/
2024-02-01 13:27:38|Anonymous|URL=/post/dc3f05cb-b727-4e44-947b-cc386833e10d
2024-02-01 13:27:40|Anonymous|URL=/
2024-02-01 13:27:44|Anonymous|URL=/create
2024-02-01 13:27:44|Anonymous|URL=/accounts/login/?next=/create
2024-02-01 16:51:05|Anonymous|URL=/
2024-02-01 16:51:10|Anonymous|URL=/create
2024-02-01 16:51:10|Anonymous|URL=/accounts/login/?next=/create
2024-02-01 16:52:00|Anonymous|URL=/accounts/register
2024-02-01 16:53:20|Anonymous|URL=/accounts/register
2024-02-01 16:53:21|Anonymous|URL=/accounts/login/
2024-02-01 16:53:35|Anonymous|URL=/
2024-02-01 16:53:36|Anonymous|URL=/accounts/login/
2024-02-01 16:54:52|Anonymous|URL=/
2024-02-01 16:54:55|Anonymous|URL=/create
2024-02-01 16:54:55|Anonymous|URL=/accounts/login/?next=/create
